<?xml version="1.0" encoding="UTF-8"?>
<!-- Generated by org.testng.reporters.JUnitReportReporter -->
<testsuite name="checking.fblogin" tests="3" time="20.776" ignored="0" failures="0" timestamp="18 Dec 2019 07:13:50 GMT" skipped="0" hostname="Toqqer-Srinivask" errors="0">
  <testcase name="close" time="0.276" classname="checking.fblogin"/>
  <testcase name="launch" time="14.717" classname="checking.fblogin"/>
  <testcase name="browser" time="5.783" classname="checking.fblogin"/>
</testsuite> <!-- checking.fblogin -->
